<?xml version="1.0" encoding="utf-8"?><testsuites name="pytest tests"><testsuite name="pytest" errors="0" failures="0" skipped="0" tests="33" time="23.725" timestamp="2026-05-19T07:32:24.354377+00:00" hostname="agent-env-d8a7edbb-dc12-4ac6-a438-f369e90967a6"><testcase classname="backend.tests.test_admin_approval_workflow.TestDetectionSavesPending" name="test_detect_returns_pending_status" time="1.797" /><testcase classname="backend.tests.test_admin_approval_workflow.TestAdminPendingEndpoint" name="test_pending_requires_auth" time="0.108" /><testcase classname="backend.tests.test_admin_approval_workflow.TestAdminPendingEndpoint" name="test_pending_requires_admin_role" time="0.377" /><testcase classname="backend.tests.test_admin_approval_workflow.TestAdminPendingEndpoint" name="test_pending_returns_pending_scans" time="0.050" /><testcase classname="backend.tests.test_admin_approval_workflow.TestAdminReviewEndpoint" name="test_review_requires_auth" time="0.122" /><testcase classname="backend.tests.test_admin_approval_workflow.TestAdminReviewEndpoint" name="test_review_requires_admin_role" time="0.047" /><testcase classname="backend.tests.test_admin_approval_workflow.TestAdminReviewEndpoint" name="test_review_invalid_action" time="1.488" /><testcase classname="backend.tests.test_admin_approval_workflow.TestAdminReviewEndpoint" name="test_review_not_found" time="0.049" /><testcase classname="backend.tests.test_admin_approval_workflow.TestApprovalWorkflow" name="test_approve_scan_basic" time="1.510" /><testcase classname="backend.tests.test_admin_approval_workflow.TestApprovalWorkflow" name="test_approve_with_disease_correction" time="1.731" /><testcase classname="backend.tests.test_admin_approval_workflow.TestApprovalWorkflow" name="test_approve_with_suggestion" time="1.451" /><testcase classname="backend.tests.test_admin_approval_workflow.TestApprovalWorkflow" name="test_reject_scan" time="1.527" /><testcase classname="backend.tests.test_admin_approval_workflow.TestFarmerHistoryWithStatus" name="test_farmer_history_shows_pending_status" time="1.978" /><testcase classname="backend.tests.test_admin_approval_workflow.TestFarmerHistoryWithStatus" name="test_farmer_history_shows_approved_with_details" time="1.917" /><testcase classname="backend.tests.test_admin_approval_workflow.TestFarmerHistoryWithStatus" name="test_farmer_history_shows_rejected_with_note" time="2.020" /><testcase classname="backend.tests.test_admin_approval_workflow.TestAccessControl" name="test_regular_user_cannot_access_pending" time="0.386" /><testcase classname="backend.tests.test_admin_approval_workflow.TestAccessControl" name="test_regular_user_cannot_review" time="0.390" /><testcase classname="backend.tests.test_sugarcane_api.TestHealthAndBasics" name="test_diseases_endpoint_public" time="0.117" /><testcase classname="backend.tests.test_sugarcane_api.TestAdminAuth" name="test_admin_login_success" time="0.335" /><testcase classname="backend.tests.test_sugarcane_api.TestAdminAuth" name="test_admin_login_wrong_password" time="0.337" /><testcase classname="backend.tests.test_sugarcane_api.TestAdminAuth" name="test_admin_me_endpoint" time="0.376" /><testcase classname="backend.tests.test_sugarcane_api.TestUserRegistration" name="test_register_new_user" time="0.599" /><testcase classname="backend.tests.test_sugarcane_api.TestUserRegistration" name="test_register_duplicate_username" time="0.109" /><testcase classname="backend.tests.test_sugarcane_api.TestLogout" name="test_logout_clears_session" time="0.498" /><testcase classname="backend.tests.test_sugarcane_api.TestDetection" name="test_detect_requires_auth" time="0.106" /><testcase classname="backend.tests.test_sugarcane_api.TestDetection" name="test_detect_with_auth" time="1.903" /><testcase classname="backend.tests.test_sugarcane_api.TestHistory" name="test_history_requires_auth" time="0.147" /><testcase classname="backend.tests.test_sugarcane_api.TestHistory" name="test_history_returns_user_scans" time="0.371" /><testcase classname="backend.tests.test_sugarcane_api.TestAdminEndpoints" name="test_admin_stats_requires_admin" time="0.095" /><testcase classname="backend.tests.test_sugarcane_api.TestAdminEndpoints" name="test_admin_stats_with_admin" time="0.382" /><testcase classname="backend.tests.test_sugarcane_api.TestAdminEndpoints" name="test_admin_users_with_admin" time="0.373" /><testcase classname="backend.tests.test_sugarcane_api.TestAdminEndpoints" name="test_admin_detections_with_admin" time="0.395" /><testcase classname="backend.tests.test_sugarcane_api.TestAdminEndpoints" name="test_admin_endpoints_forbidden_for_regular_user" time="0.551" /></testsuite></testsuites>