<?xml version="1.0" encoding="utf-8"?><testsuites name="pytest tests"><testsuite name="pytest" errors="0" failures="0" skipped="0" tests="16" time="7.783" timestamp="2026-04-03T16:58:55.026649+00:00" hostname="agent-env-d8a7edbb-dc12-4ac6-a438-f369e90967a6"><testcase classname="tests.test_sugarcane_api.TestHealthAndBasics" name="test_diseases_endpoint_public" time="0.360" /><testcase classname="tests.test_sugarcane_api.TestAdminAuth" name="test_admin_login_success" time="0.339" /><testcase classname="tests.test_sugarcane_api.TestAdminAuth" name="test_admin_login_wrong_password" time="0.330" /><testcase classname="tests.test_sugarcane_api.TestAdminAuth" name="test_admin_me_endpoint" time="0.435" /><testcase classname="tests.test_sugarcane_api.TestUserRegistration" name="test_register_new_user" time="0.645" /><testcase classname="tests.test_sugarcane_api.TestUserRegistration" name="test_register_duplicate_username" time="0.117" /><testcase classname="tests.test_sugarcane_api.TestLogout" name="test_logout_clears_session" time="0.495" /><testcase classname="tests.test_sugarcane_api.TestDetection" name="test_detect_requires_auth" time="0.122" /><testcase classname="tests.test_sugarcane_api.TestDetection" name="test_detect_with_auth" time="2.499" /><testcase classname="tests.test_sugarcane_api.TestHistory" name="test_history_requires_auth" time="0.150" /><testcase classname="tests.test_sugarcane_api.TestHistory" name="test_history_returns_user_scans" time="0.376" /><testcase classname="tests.test_sugarcane_api.TestAdminEndpoints" name="test_admin_stats_requires_admin" time="0.106" /><testcase classname="tests.test_sugarcane_api.TestAdminEndpoints" name="test_admin_stats_with_admin" time="0.378" /><testcase classname="tests.test_sugarcane_api.TestAdminEndpoints" name="test_admin_users_with_admin" time="0.427" /><testcase classname="tests.test_sugarcane_api.TestAdminEndpoints" name="test_admin_detections_with_admin" time="0.423" /><testcase classname="tests.test_sugarcane_api.TestAdminEndpoints" name="test_admin_endpoints_forbidden_for_regular_user" time="0.483" /></testsuite></testsuites>